[    0.00000] Intializng cgrup subys cpuse
[   0.00000] Iitializing cgroup subsys cpu
[    0.000000] Initializing cgroup subsys cpuacct
[    0.000000] Linux version 4.4.0-101-generic (buildd@lcy01-amd64-006) (gcc version 5.4.0 20160609 (Ubuntu 5.4.0-6ubuntu1~16.04.5) ) #124-Ubuntu SMP Fri Nov 10 18:29:59 UTC 2017 (Ubuntu 4.4.0-101.124-generic 4.4.95)
[    0.000000] Command line: BOOT_IMAGE=/boot/vmlinuz-4.4.0-101-generic root=LABEL=cloudimg-rootfs ro console=tty1 console=ttyS0
[    0.000000] KERNEL supported cpus:
[    0.000000]   Intel GenuineIntel
[    0.000000]   MD AuthenticAMD
[    0.000000]   Centaur CentaurHauls
[    0.000000] x86/fpu: Legacy x87 FPU detected.
[    0.000000] x86/fpu: Using 'lazy' FPU context switches.
[    0.000000] e820: BIOS-provided physical RAM map:
[    0.000000] BIOS-e820: [mem 0x0000000000000000-0x000000000009fbff] usable
[    0.000000] BIOS-e820: [mem 0x000000000009fc00-0x000000000009ffff] reseervd
[   0.00000] BIOS-e820: [mem 0x0000000000f000-00000000000ffff] esered
    0.0000] BIS-e820 [mem 0x00000000010000-0x000000003ffeffff] usable
[    0.000000] BIOS-e820: [mem 0x000000003fff0000-0x000000003fffffff] ACPI data
[    0.000000] BIOS-e820: [mem 0x00000000fffc0000-0x00000000ffffffff] reserved
[    0.000000] NX (Execute Disable) protection: active
[    0.000000] SMBIOS 2.5 present.
[    0.000000] e820: last_pfn = 0x3fff0 max_arch_pfn = 0x400000000
[    0.000000] MTRR: Disabled
[    0.000000] x86/PAT: MTRRs disabled, skipping PAT initialization too.
[    0.000000] CPU MTRRs all blank - virtualized system.
[    0.000000] x86/PAT: Configuration [0-7]: WB  WT  UC- UC  WB  WT  UC- UC  
[    0.000000] found SMP MP-table at [mem 0x0009fff0-0x0009ffff] mapped at [ffff88000009fff0]
[    0.000000] Scanning 1 areas for low memory corruption
[    0.000000] RAMDISK: [mem 0x36aba000-0x37554fff]
[    0.000000] CPI: Early table checksum verification disabled
[    0.000000] ACPI: RSDP 0x00000000000E0000 000024 (v02 VBOX  )
[    0.000000] ACPI: XSDT 0x000000003FFF0030 00003C (v01 VBOX   VBOXXSDT 00000001 ASL  00000061)
[    0.000000] ACPI: FACP 0x000000003FFF00F0 0000F4 (v04 VBOX   VBOXFACP 00000001 ASL  00000061)
[    0.000000] ACPI: DSDT 0x000000003FFF0470 001BF1 (v01 VBOX   VBOXBIOS 00000002 INTL 20140214)
[    0.000000] ACPI: FACS 0x000000003FFF0200 000040
[    0.000000] ACPI: FACS 0x000000003FFF0200 000040
[    0.000000] ACPI: APIC 0x000000003FFF0240 00005C (v02 VBOX   VBOXAPIC 00000001 ASL  00000061)
[    0.000000] ACPI: SSDT 0x000000003FFF02A0 0001CC (v01 VBOX   VBOXCPUT 00000002 INTL 20140214)
[    0.000000] No NUMA configuration found
[    0.000000] Faking a node at [mem 0x0000000000000000-0x000000003ffeffff]
[    0.000000] NODE_DATA(0) allocated [mem 0x3ffeb000-0x3ffeffff]
[    0.000000] Zone ranges:
[    0.000000]   DMA      [mem 0x0000000000001000-0x0000000000ffffff]
[    0.000000]   DMA32    [mem 0x0000000001000000-0x000000003ffeffff]
[    0.000000]   Normal   empty
[    0.000000]   Device   empty
[    0.000000] Movable zone start for each node
[    0.000000] Early memory node ranges
[    0.000000]   node   0: [mem 0x0000000000001000-0x000000000009efff]
[    0.000000]   node   0: [mem 0x0000000000100000-0x000000003ffeffff]
[    0.000000] Initmem setup node 0 [mem 0x0000000000001000-0x000000003ffeffff]
[    0.000000] ACPI: PM-Timer IO Port: 0x4008
[    0.000000] IOAPIC[0]: apic_id 2, version 17, address 0xfec00000, GSI 0-23
[    0.000000] ACPI: INT_SRC_OVR (bus 0 bus_irq 0 global_irq 2 dfl dfl)
[    0.000000] ACPI: INT_SRC_OVR (bus 0 bus_irq 9 global_irq 9 high level)
[    0.000000] Using ACPI (MADT) for SMP configuration information
[   0.000000] smpboot: Allowing 2 CPUs, 0 hotplug CPUs
[    0.000000] PM: Registered nosave memory: [mem 0x00000000-0x00000fff]
[    0.000000] PM: Registered nosave memory: [mem 0x0009f000-0x0009ffff]
[    0.000000] PM: Registered nosave memory: [mem 0x000a0000-0x000effff]
[    0.000000] PM: Registered nosave memory: [mem 0x000f0000-0x000fffff]
[    0.000000] e820: [mem 0x40000000-0xfffbffff] available for PCI devics
[   0.000000] Booting paravirtualized kernel on bare hardware
[    0.000000] clocksource: refined-jiffies: mask: 0xffffffff max_cycles: 0xffffffff, max_idle_ns: 7645519600211568 ns
[    0.000000] setup_percpu: NR_CPUS:512 nr_cpumask_bits:512 nr_cpu_ids:2 nr_node_ids:1
[    0.000000] PERCPU: Embedded 34 pages/cpu @ffff88003fc00000 s98328 r8192 d32744 u1048576
[    0.000000] Built 1 zonelists in Node order, mobility grouping on.  Total pages: 257913
[    0.000000] Policy zone: DMA32
[    0.000000] Kernel command line: BOOT_IMAGE=/boot/vmlinuz-4.4.0-101-generic root=LABEL=cloudimg-rootfs ro console=tty1 console=ttyS0
[    0.000000] PID hash table entries: 4096 (order: 3, 32768 bytes)
[    0.000000] Memory: 1001740K/148120Kavailale (844K krnelcode, 1294K rwdata, 3988K rodata, 1492K init, 1316K bss, 46380K reserved, 0K cma-reserved)
[    0.000000] SLUB: HWalign=64, Order=0-3, MinObjects=0, CPUs=2, Nodes=1
[    0.000000] Hierarchical RCU implementation.
[    0.000000] 	Build-time adjustment of leaf fanout to 64.
[    0.000000] 	RCU restricting CPUs from NR_CPUS=512 to nr_cpu_ids=2.
[    0.000000] RCU: Adjusting geometry for rcu_fanout_leaf=64, nr_cpu_ids=2
[    0.000000] NR_IRQS:33024 nr_irqs:440 16
[    0.000000] Console: colour VGA+ 80x25
[    0.000000] console [tty1] enabled
[    0.000000] console [ttyS0] enabled
[    0.000000] tsc: Unable to calibrate against PIT
[    0.000000] tsc: using PMTIMER reference calibration
[    0.000000] tsc: Detected 2705.117 MHz processor
[    0.024053] Calibrating delay loop (skipped), value calculated using timer frequency.. 5410.23 BogoMIPS (lpj=10820468)
[    0.032024] pid_max: default: 32768 minimum: 301
[    0.033640] ACPI: Core revision 20150930
[    0.037653] ACPI: 2 ACPI AML tables successfully acquired and loaded
[    0.048062] Security Framework initialized
[    0.052031] Yama: becoming mindful.
[    0.056056] AppArmor: AppArmor initialized
[    0.060169] Dentry cache hash table entries: 131072 (order: 8, 1048576 bytes)
[    0.064331] Inode-cache hash table entries: 65536 (order: 7, 524288 bytes)
[    0.069006] Mount-cache hash table entries: 2048 (order: 2, 16384 bytes)
[    0.072029] Mountpoint-cache hash table entries: 2048 (order: 2, 16384 bytes)
[    0.076355] Initializing cgroup subsys io
[    0.080036] Initializing cgroup subsys memory
[    0.084043] Initializing cgroup subsys devices
[    0.088025] Initializing cgroup subsys freezer
[    0.089588] Initializing cgroup subsys net_cls
[    0.091142] Initializing cgroup subsys perf_event
[    0.092025] Initializing cgroup subsys net_prio
[    0.096039] Initializing cgroup subsys hugetlb
[    0.097629] Initializing cgroup subsys pids
[    0.099505] CPU: Physical Processor ID: 0
[    0.100020] CPU: Processor Core ID: 0
[    0.101394] mce: CPU supports 0 MCE banks
[    0.104085] Last level iTLB entries: 4KB 64, 2MB 8, 4MB 8
[    0.105850] Last level dTLB entries: 4KB 64, 2MB 0, 4MB 0, 1GB 4
[    0.111463] Freeing SMP alternatives memory: 32K
[    0.135232] ftrace: allocating 32156 entries in 126 pages
[    0.148177] smpboot: APIC(0) Converting physical 0 to logical package 0
[    0.152024] smpboot: Max logical packages: 1
[    0.158378] ..TIMER: vector=0x30 apic1=0 pin1=2 apic2=-1 pin2=-1
[    0.204000] smpboot: CPU0: Intel(R) Core(TM) i5-7200U CPU @ 2.50GHz (family: 0x6, model: 0x8e, stepping: 0x9)
[    0.216027] Performance Events: unsupported p6 CPU model 142 no PMU driver, software events only.
[    0.226150] NMI watchdog: disabled (cpu0): hardware events not enabled
[    0.228019] NMI watchdog: Shutting down hard lockup detector on all cpus
[    0.232322] x86: Booting SMP configuration:
[    0.234137] .... node  #0, CPUs:      #1
[    0.028000] mce: CPU supports 0 MCE banks
[    0.264098] x86: Booted up 1 node, 2 CPUs
[    0.268018] smpboot: Total of 2 processors activated (10820.46 BogoMIPS)
[    0.270723] devtmpfs: initialized
[    0.276224] evm: security.selinux
[    0.278620] evm: security.SMACK64
[    0.280015] evm: security.SMACK64EXEC
[    0.281393] evm: security.SMACK64TRANSMUTE
[    0.284016] evm: security.SMACK64MMAP
[    0.285579] evm: security.ima
[    0.286762] evm: security.capability
[    0.289759] clocksource: jiffies: mask: 0xffffffff max_cycles: 0xffffffff, max_idle_ns: 7645041785100000 ns
[    0.292058] futex hash table entries: 512 (order: 3, 32768 bytes)
[    0.294177] pinctrl core: initialized pinctrl subsystem
[    0.296230] RTC time:  1:05:28, date: 12/06/17
[    0.300033] NET: Registered protocol family 16
[    0.312032] cpuidle: using governor ladder
[    0.328042] cpuidle: using governor menu
[    0.332059] PCCT header not found.
[    0.336150] ACPI: bus type PCI registered
[    0.340016] acpiphp: ACPI Hot Plug PCI Controller Driver version: 0.5
[    0.344195] PCI: Using configuration type 1 for base access
[    0.364537] ACPI: Added _OSI(Module Device)
[    0.366996] ACPI: Added _OSI(Processor Device)
[    0.368020] ACPI: Added _OSI(3.0 _SCP Extensions)
[    0.372015] ACPI: Added _OSI(Processor Aggregator Device)
[    0.376034] ACPI: Executed 1 blocks of module-level executable AML code
[    0.382622] ACPI: Interpreter enabled
[    0.384035] ACPI: (supports S0 S5)
[    0.385423] ACPI: Using IOAPIC for interrupt routing
[    0.388325] PCI: Using host bridge windows from ACPI; if necessary, use "pci=nocrs" and report a bug
[    0.396687] ACPI: PCI Root Bridge [PCI0] (domain 0000 [bus 00-ff])
[    0.399977] acpi PNP0A03:00: _OSC: OS supports [ASPM ClockPM Segments MSI]
[    0.402380] acpi PNP0A03:00: _OSC failed (AE_NOT_FOUND); disabling ASPM
[    0.404027] acpi PNP0A03:00: fail to add MMCONFIG information, can't access extended PCI configuration space under this bridge.
[    0.408435] PCI host bridge to bus 0000:00
[    0.409645] pci_bus 0000:00: root bus resource [io  0x0000-0x0cf7 window]
[    0.414227] pci_bus 0000:00: root bus resource [io  0x0d00-0xffff window]
[    0.416016] pci_bus 0000:00: root bus resource [mem 0x000a0000-0x000bffff window]
[    0.417663] pci_bus 0000:00: root bus resource [mem 0x40000000-0xffdfffff window]
[    0.420433] pci_bus 0000:00: root bus resource [bus 00-ff]
[    0.428113] pci 0000:00:01.1: legacy IDE quirk: reg 0x10: [io  0x01f0-0x01f7]
[    0.430518] pci 0000:00:01.1: legacy IDE quirk: reg 0x14: [io  0x03f6]
[    0.432015] pci 0000:00:01.1: legacy IDE quirk: reg 0x18: [io  0x0170-0x0177]
[    0.434537] pci 0000:00:01.1: legacy IDE quirk: reg 0x1c: [io  0x0376]
[    0.486193] ACPI: PCI Interrupt Link [LNKA] (IRQs 5 9 10 11) *0, disabled.
[    0.494331] ACPI: PCI Interrupt Link [LNKB] (IRQs 5 9 10 *11)
[    0.497776] ACPI: PCI Interrupt Link [LNKC] (IRQs 5 9 *10 11)
[    0.501140] ACPI: PCI Interrupt Link [LNKD] (IRQs 5 *9 10 11)
[    0.504990] ACPI: Enabled 2 GPEs in block 00 to 07
[    0.508357] vgaarb: setting as boot device: PCI:0000:00:02.0
[    0.510086] vgaarb: device added: PCI:0000:00:02.0,decodes=io+mem,owns=io+mem,locks=none
[    0.512019] vgaarb: loaded
[    0.513266] vgaarb: bridge control possible 0000:00:02.0
[    0.516551] SCSI subsystem initialized
[    0.520142] ACPI: bus type USB registered
[    0.521806] usbcore: registered new interface driver usbfs
[    0.523759] usbcore: registered new interface driver hub
[    0.526018] usbcore: registered new device driver usb
[    0.528466] PCI: Using ACPI for IRQ routing
[    0.530806] NetLabel: Initializing
[    0.532018] NetLabel:  domain hash size = 128
[    0.533715] NetLabel:  protocols = UNLABELED CIPSOv4
[    0.552544] NetLabel:  unlabeled traffic allowed by default
[    0.556113] amd_nb: Cannot enumerate AMD northbridges
[    0.560086] clocksource: Switched to clocksource refined-jiffies
[    0.577724] AppArmor: AppArmor Filesystem Enabled
[    0.579979] pnp: PnP ACPI init
[    0.582573] pnp: PnP ACPI: found 4 devices
[    0.601870] clocksource: acpi_pm: mask: 0xffffff max_cycles: 0xffffff, max_idle_ns: 2085701024 ns
[    0.604090] clocksource: Switched to clocksource acpi_pm
[    0.606258] NET: Registered protocol family 2
[    0.608290] TCP established hash table entries: 8192 (order: 4, 65536 bytes)
[    0.611946] TCP bind hash table entries: 8192 (order: 5, 131072 bytes)
[    0.614262] TCP: Hash tables configured (established 8192 bind 8192)
[    0.616002] UDP hash table entries: 512 (order: 2, 16384 bytes)
[    0.619019] UDP-Lite hash table entries: 512 (order: 2, 16384 bytes)
[    0.621343] NET: Registered protocol family 1
[    0.623049] pci 0000:00:00.0: Limiting direct PCI/PCI transfers
[    0.625450] pci 0000:00:01.0: Activating ISA DMA hang workarounds
[    0.628591] Unpacking initramfs...
[    4.136811] Freeing initrd memory: 10860K
[    4.161691] platform rtc_cmos: registered platform RTC device (no PNP device found)
[    4.165729] Scanning for low memory corruption every 60 seconds
[    4.168517] audit: initializing netlink subsys (disabled)
[    4.170477] audit: type=2000 audit(1512522327.167:1): initialized
[    4.173655] Initialise system trusted keyring
[    4.176245] HugeTLB registered 2 MB page size, pre-allocated 0 pages
[    4.181474] zbud: loaded
[    4.183452] VFS: Disk quotas dquot_6.6.0
[    4.185069] VFS: Dquot-cache hash table entries: 512 (order 0, 4096 bytes)
[    4.187848] squashfs: version 4.0 (2009/01/31) Phillip Lougher
[    4.190492] fuse init (API version 7.23)
[    4.192466] Key type big_key registered
[    4.194051] Allocating IMA MOK and blacklist keyrings.
[    4.202054] Key type asymmetric registered
[    4.248951] Asymmetric key parser 'x509' registered
[    4.265592] Block layer SCSI generic (bsg) driver version 0.4 loaded (major 249)
[    4.268494] io scheduler noop registered
[    4.269938] io scheduler deadline registered (default)
[    4.271916] io scheduler cfq registered
[    4.273601] pci_hotplug: PCI Hot Plug PCI Core version: 0.5
[    4.275418] pciehp: PCI Express Hot Plug Controller Driver version: 0.4
[    4.325237] ACPI: AC Adapter [AC] (on-line)
[    4.337881] input: Power Button as /devices/LNXSYSTM:00/LNXPWRBN:00/input/input0
[    4.363029] ACPI: Power Button [PWRF]
[    4.364663] input: Sleep Button as /devices/LNXSYSTM:00/LNXSLPBN:00/input/input1
[    4.367490] ACPI: Sleep Button [SLPF]
[    4.370331] ACPI: Battery Slot [BAT0] (battery present)
[    4.377513] GHES: HEST is not enabled!
[    4.379482] Serial: 8250/16550 driver, 32 ports, IRQ sharing enabled
[    4.404990] 00:03: ttyS0 at I/O 0x3f8 (irq = 4, base_baud = 115200) is a 16550A
[    4.453521] Linux agpgart interface v0.103
[    4.472975] loop: module loaded
[    4.481395] scsi host0: ata_piix
[    4.485829] scsi host1: ata_piix
[    4.487913] ata1: PATA max UDMA/33 cmd 0x1f0 ctl 0x3f6 bmdma 0xd000 irq 14
[    4.490817] ata2: PATA max UDMA/33 cmd 0x170 ctl 0x376 bmdma 0xd008 irq 15
[    4.495166] libphy: Fixed MDIO Bus: probed
[    4.505013] tun: Universal TUN/TAP device driver, 1.6
[    4.534229] tun: (C) 1999-2004 Max Krasnyansky <maxk@qualcomm.com>
[    4.550281] PPP generic driver version 2.4.2
[    4.552229] ehci_hcd: USB 2.0 'Enhanced' Host Controller (EHCI) Driver
[    4.554258] ehci-pci: EHCI PCI platform driver
[    4.564139] ehci-platform: EHCI generic platform driver
[    4.573223] ohci_hcd: USB 1.1 'Open' Host Controller (OHCI) Driver
[    4.580470] ohci-pci: OHCI PCI platform driver
[    4.583144] ohci-platform: OHCI generic platform driver
[    4.586234] uhci_hcd: USB Universal Host Controller Interface driver
[    4.604263] i8042: PNP: PS/2 Controller [PNP0303:PS2K,PNP0f03:PS2M] at 0x60,0x64 irq 1,12
[    4.627721] serio: i8042 KBD port at 0x60,0x64 irq 1
[    4.642673] serio: i8042 AUX port at 0x60,0x64 irq 12
[    4.646211] mousedev: PS/2 mouse device common for all mice
[    4.704855] rtc_cmos rtc_cmos: rtc core: registered rtc_cmos as rtc0
[    4.874423] rtc_cmos rtc_cmos: alarms up to one day, 114 bytes nvram
[    4.878335] i2c /dev entries driver
[    4.878417] input: AT Translated Set 2 keyboard as /devices/platform/i8042/serio0/input/input2
[    4.883299] vicemaerueent: versin 0.

[    5.160717] tsc: Refined TSC clocksource calibration: 2705.633 MHz
[    5.160725] clocksource: tsc: mask: 0xffffffffffffffff max_cycles: 0x27000794417, max_idle_ns: 440795226591 ns
[    6.350405] clocksource: Switched to clocksource tsc
[    6.350644] device-mapper: ioctl: 4.34.0-ioctl (2015-10-28) initialised: dm-devel@redhat.com
[    6.350681] ledtrig-cpu: registered to indicate activity on CPUs
[    6.351355] NET: Registered protocol family 10
[    6.351745] NET: Registered protocol family 17
[    6.351764] Key type dns_resolver registered
[    6.352003] microcode: CPU0 sig=0x806e9, pf=0x2, revision=0x19
[    6.352050] microcode: CPU1 sig=0x806e9, pf=0x2, revision=0x19
[    6.352448] microcode: Microcode Update Driver: v2.01 <tigran@aivazian.fsnet.co.uk>, Peter Oruba
[    6.352737] registered taskstats version 1
[    6.352773] Loading compiled-in X.509 certificates
[    6.353944] Loaded X.509 cert 'Build time autogenerated kernel key: f91c6829a34a801956ec6287af569c0a1f1f8d39'
[    6.353980] zswap: loaded using pool lzo/zbud
[    6.356837] Key type trusted registered
[    6.361760] Key type encrypted registered
[    6.361774] AppArmor: AppArmor sha1 policy hashing enabled
[    6.361784] ima: No TPM chip found, activating TPM-bypass!
[    6.361814] evm: HMAC attrs: 0x1
[    6.362391]   Magic number: 13:103:53
[    6.363553] rtc_cmos rtc_cmos: setting system clock to 2017-12-06 01:05:34 UTC (1512522334)
[    6.363744] BIOS EDD facility v0.16 2004-Jun-25, 0 devices found
[    6.363748] EDD information not available.
[    6.401903] Freeing unused kernel memory: 1492K
[    6.403487] Write protecting the kernel read-only data: 14336k
[    6.406506] Freeing unused kernel memory: 1744K
[    6.408674] Freeing unused kernel memory: 108K
Loading, please wait...
starting version[    6.439199] random: systemd-udevd: uninitialized urandom read (16 bytes read, 4 bits of entropy available)
 229
[    6.440593] random: udevadm: uninitialized urandom read (16 bytes read, 4 bits of entropy available)
[    6.440631] random: udevadm: uninitialized urandom read (16 bytes read, 4 bits of entropy available)
[    6.456448] random: udevadm: uninitialized urandom read (16 bytes read, 4 bits of entropy available)
[    6.456517] random: udevadm: uninitialized urandom read (16 bytes read, 4 bits of entropy available)
[    6.456723] random: udevadm: uninitialized urandom read (16 bytes read, 4 bits of entropy available)
[    6.456799] random: udevadm: uninitialized urandom read (16 bytes read, 4 bits of entropy available)
[    6.456884] random: udevadm: uninitialized urandom read (16 bytes read, 4 bits of entropy available)
[    6.456966] random: udevadm: uninitialized urandom read (16 bytes read, 4 bits of entropy available)
[    6.457044] random: udevadm: uninitialized urandom read (16 bytes read, 4 bits of entropy available)
[    6.581464] e1000: Intel(R) PRO/1000 Network Driver - version 7.3.21-k8-NAPI
[    6.585858] e1000: Copyright (c) 1999-2006 Intel Corporation.
[    6.589173] Fusion MPT base driver 3.04.20
[    6.592135] Copyright (c) 1999-2008 LSI Corporation
[    6.656539] Fusion MPT SPI Host driver 3.04.20
[    6.854968] input: ImExPS/2 Generic Explorer Mouse as /devices/platform/i8042/serio1/input/input4
[    7.063974] e1000 0000:00:03.0 eth0: (PCI:33MHz:32-bit) 02:30:65:71:1a:9b
[    7.113581] e1000 0000:00:03.0 eth0: Intel(R) PRO/1000 Network Connection
[    7.117308] mptbase: ioc0: Initiating bringup
[    7.191020] ioc0: LSI53C1030 A0: Capabilities={Initiator}
[    8.246615] scsi host2: ioc0: LSI53C1030 A0, FwRev=00000000h, Ports=1, MaxQ=256, IRQ=20
[    8.392203] scsi 2:0:0:0: Direct-Access     VBOX     HARDDISK         1.0  PQ: 0 ANSI: 5
[    8.425353] scsi target2:0:0: Beginning Domain Validation
[    8.429237] scsi target2:0:0: Domain Validation skipping write tests
[    8.431456] scsi target2:0:0: Ending Domain Validation
[    8.433541] scsi target2:0:0: asynchronous
[    8.438131] scsi 2:0:1:0: Direct-Access     VBOX     HARDDISK         1.0  PQ: 0 ANSI: 5
[    8.442423] scsi target2:0:1: Beginning Domain Validation
[    8.447158] scsi target2:0:1: Domain Validation skipping write tests
[    8.450664] scsi target2:0:1: Ending Domain Validation
[    8.452782] scsi target2:0:1: asynchronous
[    8.478471] sd 2:0:0:0: Attached scsi generic sg0 type 0
[    8.481712] sd 2:0:0:0: [sda] 20971520 512-byte logical blocks: (10.7 GB/10.0 GiB)
[    8.486280] sd 2:0:1:0: Attached scsi generic sg1 type 0
[    8.488990] sd 2:0:0:0: [sda] Write Protect is off
[    8.492612] sd 2:0:1:0: [sdb] 20480 512-byte logical blocks: (10.5 MB/10.0 MiB)
[    8.495846] sd 2:0:0:0: [sda] Incomplete mode parameter data
[    8.497957] sd 2:0:0:0: [sda] Assuming drive cache: write through
[    8.500297] sd 2:0:1:0: [sdb] Write Protect is off
[    8.502299] sd 2:0:1:0: [sdb] Incomplete mode parameter data
[    8.504381] sd 2:0:1:0: [sdb] Assuming drive cache: write through
[    8.511018]  sda: sda1
[    8.515780] sd 2:0:0:0: [sda] Attached SCSI disk
[    8.718601] sd 2:0:1:0: [sdb] Attached SCSI disk
[    8.836102] e1000 0000:00:08.0 eth1: (PCI:33MHz:32-bit) 08:00:27:fe:3a:01
[    9.024085] e1000 0000:00:08.0 eth1: Intel(R) PRO/1000 Network Connection
[    9.222864] e1000 0000:00:08.0 enp0s8: renamed from eth1
[    9.237641] e1000 0000:00:03.0 enp0s3: renamed from eth0
[    9.640489] floppy0: no floppy controllers found
Begin: Loading e[   11.512133] md: linear personality registered for level -1
ssential drivers ... [   11.522360] md: multipath personality registered for level -4
[   11.570391] md: raid0 personality registered for level 0
[   11.580081] md: raid1 personality registered for level 1
[   11.711779] raid6: sse2x1   gen()  4205 MB/s
[   11.780128] raid6: sse2x1   xor()  3567 MB/s
[   11.968772] raid6: sse2x2   gen()  6008 MB/s
[   12.083110] raid6: sse2x2   xor()  3813 MB/s
[   12.159779] raid6: sse2x4   gen()  7101 MB/s
[   12.267659] raid6: sse2x4   xor()  4798 MB/s
[   12.275927] raid6: using algorithm sse2x4 gen() 7101 MB/s
[   12.277757] raid6: .... xor() 4798 MB/s, rmw enabled
[   12.279422] raid6: using ssse3x2 recovery algorithm
[   12.283508] xor: measuring software checksum speed
[   12.324081]    prefetch64-sse:  7962.000 MB/sec
[   12.368056]    generic_sse:  7404.000 MB/sec
[   12.369681] xor: using function: prefetch64-sse (7962.000 MB/sec)
[   12.374275] async_tx: api initialized (async)
[   12.393636] md: raid6 personality registered for level 6
[   12.401874] md: raid5 personality registered for level 5
[   12.403820] md: raid4 personality registered for level 4
[   12.417863] md: raid10 personality registered for level 10
done.
Begin: Running /scripts/init-premount ... done.
Begin: Mounting root file system ... Begin: Running /scripts/local-top ... done.
Begin: Running /scripts/local-premount ... [   12.476564] Btrfs loaded
Scanning for Btrfs filesystems
done.
Warning: fsck not present, so sk[   12.643937] EXT4-fs (sda1): INFO: recovery required on readonly filesystem
ipping root file system
[   12.654385] EXT4-fs (sda1): write access will be enabled during recovery
[   12.745748] EXT4-fs (sda1): orphan cleanup on readonly fs
[   12.749866] EXT4-fs (sda1): 7 orphan inodes deleted
[   12.751524] EXT4-fs (sda1): recovery complete
[   12.754475] EXT4-fs (sda1): mounted filesystem with ordered data mode. Opts: (null)
done.
Begin: Running /scripts/local-bottom ... done.
Begin: Running /scripts/init-bottom ... done.
[   13.386126] systemd[1]: systemd 229 running in system mode. (+PAM +AUDIT +SELINUX +IMA +APPARMOR +SMACK +SYSVINIT +UTMP +LIBCRYPTSETUP +GCRYPT +GNUTLS +ACL +XZ -LZ4 +SECCOMP +BLKID +ELFUTILS +KMOD -IDN)
[   13.397917] systemd[1]: Detected virtualization oracle.
[   13.399886] systemd[1]: Detected architecture x86-64.

Welcome to [1mUbuntu 16.04.3 LTS[0m!

[   13.433202] systemd[1]: Set hostname to <ubuntu-xenial>.
[   13.439148] random: nonblocking pool is initialized
[   14.228761] systemd[1]: Reached target Swap.
[[0;32m  OK  [0m] Reached target Swap.
[   14.236514] systemd[1]: Reached target Encrypted Volumes.
[[0;32m  OK  [0m] Reached target Encrypted Volumes.
[   14.243486] systemd[1]: Created slice System Slice.
[[0;32m  OK  [0m] Created slice System Slice.
[   14.276148] systemd[1]: Set up automount Arbitrary Executable File Formats File System Automount Point.
[[0;32m  OK  [0m] Set up automount Arbitrary Executab...ats File System Automount Point.
[   14.288612] systemd[1]: Listening on udev Control Socket.
[[0;32m  OK  [0m] Listening on udev Control Socket.
[   14.292394] systemd[1]: Listening on LVM2 poll daemon socket.
[[0;32m  OK  [0m] Listening on LVM2 poll daemon socket.
[   14.296112] systemd[1]: Listening on Journal Socket.
[[0;32m  OK  [0m] Listening on Journal Socket.
[   14.321096] systemd[1]: Starting Set console keymap...
         Starting Set console keymap...
[   14.348932] systemd[1]: Starting Nameserver information manager...
         Starting Nameserver information manager...
[   14.480770] systemd[1]: Starting Uncomplicated firewall...
         Starting Uncomplicated firewall...
[   14.503401] systemd[1]: Mounting POSIX Message Queue File System...
         Mounting POSIX Message Queue File System...
[   14.511295] systemd[1]: Mounting Debug File System...
         Mounting Debug File System...
[   14.521635] systemd[1]: Listening on Device-mapper event daemon FIFOs.
[[0;32m  OK  [0m] Listening on Device-mapper event daemon FIFOs.
[   14.531265] systemd[1]: Listening on Syslog Socket.
[[0;32m  OK  [0m] Listening on Syslog Socket.
[   14.534730] systemd[1]: Started Forward Password Requests to Wall Directory Watch.
[[0;32m  OK  [0m] Started Forward Password Requests to Wall Directory Watch.
[   14.539634] systemd[1]: Listening on /dev/initctl Compatibility Named Pipe.
[[0;32m  OK  [0m] Listening on /dev/initctl Compatibility Named Pipe.
[   14.564276] systemd[1]: Mounting Huge Pages File System...
         Mounting Huge Pages File System...
[   14.570983] systemd[1]: Reached target User and Group Name Lookups.
[[0;32m  OK  [0m] Reached target User and Group Name Lookups.
[   14.577684] systemd[1]: Created slice User and Session Slice.
[[0;32m  OK  [0m] Created slice User and Session Slice.
[   14.583933] systemd[1]: Starting Create list of required static device nodes for the current kernel...
         Starting Create list of required st... nodes for the current kernel...
[   14.594407] systemd[1]: Started Trigger resolvconf update for networkd DNS.
[[0;32m  OK  [0m] Started Trigger resolvconf update for networkd DNS.
[   14.598635] systemd[1]: Listening on LVM2 metadata daemon socket.
[[0;32m  OK  [0m] Listening on LVM2 metadata daemon socket.
[   14.603864] systemd[1]: Listening on udev Kernel Socket.
[[0;32m  OK  [0m] Listening on udev Kernel Socket.
[   14.608625] systemd[1]: Listening on Journal Audit Socket.
[[0;32m  OK  [0m] Listening on Journal Audit Socket.
[   14.612652] systemd[1]: Created slice system-serial\x2dgetty.slice.
[[0;32m  OK  [0m] Created slice system-serial\x2dgetty.slice.
[   14.619722] systemd[1]: Starting Monitoring of LVM2 mirrors, snapshots etc. using dmeventd or progress polling...
         Starting Monitoring of LVM2 mirrors... dmeventd or progress polling...
[   14.652560] systemd[1]: Starting Remount Root and Kernel File Systems...
[   14.681105] EXT4-fs (sda1): re-mounted. Opts: (null)
         Starting Remount Root and Kernel File Systems...
[   14.694595] systemd[1]: Starting Load Kernel Modules...
         Starting Load Kernel Modules...
[   14.740517] systemd[1]: Listening on Journal Socket (/dev/log).
[[0;32m  OK  [[   14.916919] Loading iSCSI transport class v2.0-870.
0m] Listening on Journal Socket (/dev/log).
[   15.141935] iscsi: registered transport (tcp)
[   15.145053] systemd[1]: Starting Journal Service...
         Starting Journal Service...
[   15.291263] systemd[1]: Reached target Slices.
[[0;32m  OK  [0m] Reached target Slices.
[   15.318864] systemd[1]: Mounted Debug File System.
[[0;32m  OK  [0m] Mounted Debug File System.
[   15.356440] systemd[1]: Mounted Huge Pages File System.
[[0;32m  OK  [0m] Mounted Huge Pages File System.
[   15.384438] systemd[1]: Mounted POSIX Message Queue File System.
[   15.384466] iscsi: registered transport (iser)
[[0;32m  OK  [0m] Mounted POSIX Message Queue File System.
[   15.424612] systemd[1]: Started Set console keymap.
[[0;32m  OK  [0m] Started Set console keymap.
[   15.445932] systemd[1]: Started Uncomplicated firewall.
[[0;32m  OK  [0m] Started Uncomplicated firewall.
[   15.557589] systemd[1]: Started Create list of required static device nodes for the current kernel.
[[0;32m  OK  [0m] Started Create list of required sta...ce nodes for the current kernel.
[ 15.88170] systd[: Stared Rountooand Kern Fe Syem

[   18.681437] clocksource: timekeeping watchdog: Marking clocksource 'tsc' as unstable because the skew is too large:
[   18.681444] clocksource:                       'acpi_pm' wd_now: 5ded3d wd_last: d436ae mask: ffffff
[   18.681450] clocksource:                       'tsc' cs_now: 12cc798122 cs_last: 1135dde368 mask: ffffffffffffffff
[[0;32m  OK  [0m[   18.705013] clocksource: Switched to clocksource acpi_pm
] Started Remount Root and Kernel File Systems.
[   18.708649] systemd[1]: Started Load Kernel Modules.
[[0;32m  OK  [0m] Started Load Kernel Modules.
[   18.725155] systemd[1]: Started Nameserver information manager.
[[0;32m  OK  [0m] Started Nameserver information manager.
[   18.739427] systemd[1]: Started Journal Service.
[[0;32m  OK  [0m] Started Journal Service.
[[0;32m  OK  [0m] Started LVM2 metadata daemon.
         Starting Apply Kernel Variables...
         Mounting FUSE Control File System...
         Starting udev Coldplug all Devices...
         Starting Load/Save Random Seed...
         Starting Initial cloud-init job (pre-networking)...
         Starting Flush Journal to Persistent Storage...
         Starting Create Static Device Nodes in /dev...
[[0;32m  OK  [0m] Mounted FUSE Control File System.
[[0;32m  OK  [0m] Started Apply Kernel Variables.
[[0;32m  OK  [0m] Started udev Coldplug all Devices.
[[0;32m  OK  [0m] Started Load/Save Random Seed.
[[0;32m  OK  [0m] Started Monitoring of LVM2 mirrors,...ng dmeventd or progress polling.
[[0;32m  OK  [0m] Started Flush Journal to Persistent Storage.
[[0;32m  OK  [0m] Started Create Static Device Nodes in /dev.
         Starting udev Kernel Device Manager...
[[0;32m  OK  [0m] Started udev Kernel Device Manager.
[[0;32m  OK  [0m] Reached target Local File Systems (Pre).
[[0;32m  OK  [0m] Reached target Local File Systems.
         Starting Tell Plymouth To Write Out Runtime Data...
         Starting Create Volatile Files and Directories...
         Starting LSB: AppArmor initialization...
         Starting Set console font and keymap...
[[0;32m  OK  [0m] Started Dispatch Password Requests to Console Directory Watch.
[[0;32m  OK  [0m] Started Tell Plymouth To Write Out Runtime Data.
[[0;32m  OK  [0m] Started Create Volatile Files and Directories.
[[0;32m  OK  [0m] Reached target System Time Synchronized.
         Starting Update UTMP about System Boot/Shutdown...
[[0;32m  OK  [0m] Started Update UTMP about System Boot/Shutdown.
[[0;32m  OK  [0m] Found device /dev/ttyS0.
[[0;32m  OK  [0m] Found device 82540EM Gigabit Ethern...r (PRO/1000 MT Desktop Adapter).
[[0;32m  OK  [0m] Found device 82540EM Gigabit Ethern...r (PRO/1000 MT Desktop Adapter).
[[0;32m  OK  [0m] Started LSB: AppArmor initialization.
[[0;32m  OK  [0m] Listening on Load/Save RF Kill Switch Status /dev/rfkill Watch.
[[0;32m  OK  [0m] Started Set console font and keymap.
[[0;32m  OK  [0m] Created slice system-getty.slice.
[   23.698390] cloud-init[434]: Cloud-init v. 17.1 running 'init-local' at Wed, 06 Dec 2017 01:05:51 +0000. Up 23.04 seconds.
[[0;32m  OK  [0m] Started Initial cloud-init job (pre-networking).
[[0;32m  OK  [0m] Reached target Network (Pre).
[[0;32m  OK  [0m] Started ifup for enp0s3.
[[0;32m  OK  [0m] Started ifup for enp0s8.
         Starting Raise network interfaces...
[[0;32m  OK  [0m] Started Raise network interfaces.
[[0;32m  OK  [0m] Reached target Network.
         Starting Initial cloud-init job (metadata service crawler)...
[   25.616706] cloud-init[1062]: Cloud-init v. 17.1 running 'init' at Wed, 06 Dec 2017 01:05:52 +0000. Up 24.67 seconds.
[   25.646108] cloud-init[1062]: ci-info: ++++++++++++++++++++++++++++++++++++++Net device info++++++++++++++++++++++++++++++++++++++
[   25.736845] [cloud-init[0;32m  OK  [0m[1062]: ] ci-info: +--------+------+-----------------------------+---------------+-------+-------------------+Started Initial cloud-init job (metadata service crawler).

[   25.737688] cloud-init[1062]: ci-info: | Device |  Up  |           Address           |      Mask     | Scope |     Hw-Address    |
[   25.799930] [cloud-init[0;32m  OK  [0m[1062]: ] ci-info: +--------+------+-----------------------------+---------------+-------+-------------------+Reached target Cloud-config availability.

[   25.800719] [cloud-init[0;32m  OK  [0m[1062]: ] ci-info: | enp0s3 | True |          10.0.2.15          | 255.255.255.0 |   .   | 02:30:65:71:1a:9b |Reached target Network is Online.

[   25.805678] cloud-init[1062]: ci-info: | enp0s3 | True |  fe80::30:65ff:fe71:1a9b/64 |       .       |  link | 02:30:65:71:1a:9b |
[   25.813557] cloud-init[1062]: ci-info: | enp0s8 | True |        192.168.33.30        | 255.255.255.0 |   .   | 08:00:27:fe:3a:01 |
[   25.817016] cloud-init[1062]: ci-info: | enp0s8 | True | fe80::a00:27ff:fefe:3a01/64 |       .       |  link | 08:00:27:fe:3a:01 |
[   25.821325] cloud-init[1062]: ci-info: |   lo   | True |          127.0.0.1          |   255.0.0.0   |   .   |         .         |
         Starting iSCSI initiator daemon (iscsid)...
[[0;32m  OK  [0m] Reached target System Initialization.
[   25.843896] cloud-init[1062]: ci-info: |   lo   | True |           ::1/128           |       .       |  host |         .         |
[   25.850787] cloud-init[1062]: ci-info: +--------+------+-----------------------------+---------------+-------+-------------------+
[   25.862046] cloud-init[1062]: ci-info: ++++++++++++++++++++++++++++Route IPv4 info++++++++++++++++++++++++++++
[   25.865016] cloud-init[1062]: ci-info: +-------+--------------+----------+---------------+-----------+-------+
[   25.867901] cloud-init[1062]: ci-info: | Route | Destination  | Gateway  |    Genmask    | Interface | Flags |
[   25.873632] [cloud-init[0;32m  OK  [0m[1062]: ] ci-info: +-------+--------------+----------+---------------+-----------+-------+Started Daily apt download activities.

[[0;32m  OK  [0m] Started Daily apt upgrade and clean activities.
[[0;32m  OK  [0m] Listening on D-Bus System Message Bus Socket.
         Starting Socket activation for snappy daemon.
[   25.874379] cloud-init[1062]: ci-info: |   0   |   0.0.0.0    | 10.0.2.2 |    0.0.0.0    |   enp0s3  |   UG  |
[   25.890605] [cloud-init[0;32m  OK  [0m[1062]: ] ci-info: |   1   |   10.0.2.0   | 0.0.0.0  | 255.255.255.0 |   enp0s3  |   U   |Started ACPI Events Check.

[   25.891431] cloud-init[1062]: ci-info: |   2   | 192.168.33.0 | 0.0.0.0  | 255.255.255.0 |   enp0s8  |   U   |
[[0;32m  OK  [0m] Reached target Paths.
[   25.896306] [[0;32m  OK  [0m] Listening on UUID daemon activation socket.
[[0;32m  OK  [0m] Started Timer to automatically refresh installed snaps.
         Starting LXD - unix socket.
[[0;32m  OK  [0m] Listening on ACPID Listen Socket.
[[0;32m  OK  [0m] Started Daily Cleanup of Temporary Directories.
[[0;32m  OK  [0m] Reached target Timers.
cloud-init[1062]: ci-info: +-------+--------------+----------+---------------+-----------+-------+
[[0;32m  OK  [0m] Listening on Socket activation for snappy daemon.
[[0;32m  OK  [0m] Listening on LXD - unix socket.
[[0;32m  OK  [0m] Reached target Sockets.
[[0;32m  OK  [0m] Reached target Basic System.
         Starting LSB: Record successful boot for GRUB...
         Starting Apply the settings specified in cloud-config...
[[0;32m  OK  [0m] Started D-Bus System Message Bus.
         Starting System Logging Service...
[[0;32m  OK  [0m] Started Unattended Upgrades Shutdown.
         Starting LXD - container startup/shutdown...
[[0;32m  OK  [0m] Started Deferred execution scheduler.
         Starting MySQL Community Server...
[[0;32m  OK  [0m] Started Regular background program processing daemon.
         Starting /etc/rc.local Compatibility...
         Starting LSB: MD monitoring daemon...
[[0;32m  OK  [0m] Started ACPI event daemon.
         Starting The PHP 7.0 FastCGI Process Manager...
[[0;32m  OK  [0m] Started FUSE filesystem for LXC.
         Starting Accounts Service...
         Starting OpenBSD Secure Shell server...
         Starting Login Service...
         Starting Snappy daemon...
[[0;32m  OK  [0m] Started System Logging Service.
[[0;32m  OK  [0m] Started iSCSI initiator daemon (iscsid).
[[0;32m  OK  [0m] Started /etc/rc.local Compatibility.
         Starting Login to default iSCSI targets...
[[0;32m  OK  [0m] Started Login Service.
[[0;32m  OK  [0m] Started LSB: Record successful boot for GRUB.
[[0;32m  OK  [0m] Started Login to default iSCSI targets.
[[0;32m  OK  [0m] Reached target Remote File Systems (Pre).
[[0;32m  OK  [0m] Reached target Remote File Systems.
         Starting LSB: daemon to balance interrupts for SMP systems...
         Starting Permit User Sessions...
         Starting LSB: automatic crash report generation...
         Starting LSB: Set the CPU Frequency Scaling governor to "ondemand"...
         Starting LSB: VirtualBox Linux Additions...
         Starting LSB: Apache2 web server...
[[0;32m  OK  [0m] Started Permit User Sessions.
         Starting Terminate Plymouth Boot Screen...
         Starting Hold until boot process finishes up...
[[0;32m  OK  [0m] Started Terminate Plymouth Boot Screen.
[[0;32m  OK  [0m] Started Hold until boot process finishes up.
[[0;32m  OK  [0m] Started LSB: Set the CPU Frequency Scaling governor to "ondemand".
[[0;32m  OK  [0m] Started Serial Getty on ttyS0.
         Starting Set console scheme...
[[0;32m  OK  [0m] Started Getty on tty1.
[[0;32m  OK  [0m] Reached target Login Prompts.
[   27.262500] cloud-init[1120]: Cloud-init v. 17.1 running 'modules:config' at Wed, 06 Dec 2017 01:05:54 +0000. Up 26.64 seconds.
[[0;32m  OK  [0m] Started Apply the settings specified in cloud-config.
[[0;32m  OK  [0m] Started LSB: daemon to balance interrupts for SMP systems.
[[0;32m  OK  [0m] Started LSB: MD monitoring daemon.
[[0;32m  OK  [0m] Started LSB: automatic crash report generation.
[[0;32m  OK  [0m] Started Set console scheme.
[[0;32m  OK  [0m] Started OpenBSD Secure Shell server.
         Starting Authenticate and Authorize Users to Run Privileged Tasks...
[[0;32m  OK  [0m] Started Authenticate and Authorize Users to Run Privileged Tasks.
[[0;32m  OK  [0m] Started LSB: VirtualBox Linux Additions.
[[0;32m  OK  [0m] Started Accounts Service.
[[0;32m  OK  [0m] Created slice User Slice of ubuntu.
         Starting User Manager for UID 1000...
[[0;32m  OK  [0m] Started Session 1 of user ubuntu.
[[0;32m  OK  [0m] Started LXD - container startup/shutdown.
[[0;32m  OK  [0m] Started Snappy daemon.
[[0;32m  OK  [0m] Started User Manager for UID 1000.
[[0;32m  OK  [0m] Started The PHP 7.0 FastCGI Process Manager.
[[0;32m  OK  [0m] Started LSB: Apache2 web server.

Ubuntu 16.04.3 LTS ubuntu-xenial ttyS0

ubuntu-xenial login: [   34.671662] cloud-init[1479]: Cloud-init v. 17.1 running 'modules:final' at Wed, 06 Dec 2017 01:06:02 +0000. Up 33.99 seconds.
[   34.672524] cloud-init[1479]: Cloud-init v. 17.1 finished at Wed, 06 Dec 2017 01:06:02 +0000. Datasource DataSourceNoCloud [seed=/dev/sdb][dsmode=net].  Up 34.66 seconds
